mode: set
lmzsoftware.com/lzuccarelli/golang-cicd-webconsole/pkg/validator/validate.go:14.58,18.27 4 1
lmzsoftware.com/lzuccarelli/golang-cicd-webconsole/pkg/validator/validate.go:26.2,26.12 1 1
lmzsoftware.com/lzuccarelli/golang-cicd-webconsole/pkg/validator/validate.go:18.27,19.15 1 1
lmzsoftware.com/lzuccarelli/golang-cicd-webconsole/pkg/validator/validate.go:24.3,24.70 1 1
lmzsoftware.com/lzuccarelli/golang-cicd-webconsole/pkg/validator/validate.go:19.15,22.4 2 1
lmzsoftware.com/lzuccarelli/golang-cicd-webconsole/pkg/validator/validate.go:31.49,40.23 2 1
lmzsoftware.com/lzuccarelli/golang-cicd-webconsole/pkg/validator/validate.go:45.2,45.12 1 1
lmzsoftware.com/lzuccarelli/golang-cicd-webconsole/pkg/validator/validate.go:40.23,41.54 1 1
lmzsoftware.com/lzuccarelli/golang-cicd-webconsole/pkg/validator/validate.go:41.54,43.4 1 1
lmzsoftware.com/lzuccarelli/golang-cicd-webconsole/pkg/handlers/handler.go:24.86,29.27 3 1
lmzsoftware.com/lzuccarelli/golang-cicd-webconsole/pkg/handlers/handler.go:36.2,37.16 2 1
lmzsoftware.com/lzuccarelli/golang-cicd-webconsole/pkg/handlers/handler.go:43.2,43.40 1 1
lmzsoftware.com/lzuccarelli/golang-cicd-webconsole/pkg/handlers/handler.go:47.2,51.26 4 1
lmzsoftware.com/lzuccarelli/golang-cicd-webconsole/pkg/handlers/handler.go:71.2,74.16 4 1
lmzsoftware.com/lzuccarelli/golang-cicd-webconsole/pkg/handlers/handler.go:80.2,83.15 4 1
lmzsoftware.com/lzuccarelli/golang-cicd-webconsole/pkg/handlers/handler.go:89.2,92.36 4 1
lmzsoftware.com/lzuccarelli/golang-cicd-webconsole/pkg/handlers/handler.go:29.27,33.3 3 1
lmzsoftware.com/lzuccarelli/golang-cicd-webconsole/pkg/handlers/handler.go:37.16,41.3 3 1
lmzsoftware.com/lzuccarelli/golang-cicd-webconsole/pkg/handlers/handler.go:43.40,45.3 1 1
lmzsoftware.com/lzuccarelli/golang-cicd-webconsole/pkg/handlers/handler.go:51.26,60.29 8 1
lmzsoftware.com/lzuccarelli/golang-cicd-webconsole/pkg/handlers/handler.go:64.3,64.29 1 1
lmzsoftware.com/lzuccarelli/golang-cicd-webconsole/pkg/handlers/handler.go:68.3,69.28 2 1
lmzsoftware.com/lzuccarelli/golang-cicd-webconsole/pkg/handlers/handler.go:60.29,63.4 2 1
lmzsoftware.com/lzuccarelli/golang-cicd-webconsole/pkg/handlers/handler.go:64.29,67.4 2 1
lmzsoftware.com/lzuccarelli/golang-cicd-webconsole/pkg/handlers/handler.go:74.16,79.3 4 1
lmzsoftware.com/lzuccarelli/golang-cicd-webconsole/pkg/handlers/handler.go:83.15,88.3 4 0
lmzsoftware.com/lzuccarelli/golang-cicd-webconsole/pkg/handlers/handler.go:95.54,99.2 3 1
lmzsoftware.com/lzuccarelli/golang-cicd-webconsole/pkg/handlers/handler.go:102.57,103.35 1 1
lmzsoftware.com/lzuccarelli/golang-cicd-webconsole/pkg/handlers/handler.go:106.2,110.151 4 1
lmzsoftware.com/lzuccarelli/golang-cicd-webconsole/pkg/handlers/handler.go:103.35,105.3 1 0
